app/build/intermediates/manifest_merge_blame_file/debug/manifest-merger-blame-debug-report.txt
1<?xml version="1.0" encoding="utf-8"?>
2<manifest xmlns:android="http://schemas.android.com/apk/res/android"
3    package="com.example.myapplication"
4    android:versionCode="1"
5    android:versionName="1.0" >
6
7    <uses-sdk
8        android:minSdkVersion="14"
8-->src\main\AndroidManifest.xml
9        android:targetSdkVersion="28" />
9-->src\main\AndroidManifest.xml
10
11    <uses-permission android:name="android.permission.INTERNET" />
11-->src\main\AndroidManifest.xml:6:5-67
11-->src\main\AndroidManifest.xml:6:22-64
12    <uses-permission android:name="android.permission.ACCESS_NETWORK_STATE" />
12-->src\main\AndroidManifest.xml:7:5-79
12-->src\main\AndroidManifest.xml:7:22-76
13    <uses-permission android:name="android.permission.ACCESS_WIFI_STATE" />
13-->src\main\AndroidManifest.xml:8:5-76
13-->src\main\AndroidManifest.xml:8:22-73
14
15    <application
15-->src\main\AndroidManifest.xml:10:5-71:19
16        android:allowBackup="true"
16-->src\main\AndroidManifest.xml:11:9-35
17        android:appComponentFactory="android.support.v4.app.CoreComponentFactory"
17-->[com.android.support:support-compat:28.0.0] AndroidManifest.xml:22:18-91
18        android:debuggable="true"
19        android:label="@string/app_name"
19-->src\main\AndroidManifest.xml:12:9-41
20        android:supportsRtl="true"
20-->src\main\AndroidManifest.xml:13:9-35
21        android:theme="@style/AppTheme" >
21-->src\main\AndroidManifest.xml:14:9-40
22        <activity
22-->src\main\AndroidManifest.xml:16:9-19:68
23            android:name="com.example.myapplication.Company_Info"
23-->src\main\AndroidManifest.xml:17:13-41
24            android:label="@string/title_activity_company__info"
24-->src\main\AndroidManifest.xml:18:13-65
25            android:theme="@style/AppTheme.NoActionBar" />
25-->src\main\AndroidManifest.xml:19:13-56
26        <activity
26-->src\main\AndroidManifest.xml:20:9-28:20
27            android:name="com.example.myapplication.add_inventory"
27-->src\main\AndroidManifest.xml:21:13-42
28            android:label="@string/title_activity_add_inventory"
28-->src\main\AndroidManifest.xml:22:13-65
29            android:parentActivityName="com.example.myapplication.AddInventory"
29-->src\main\AndroidManifest.xml:23:13-55
30            android:theme="@style/AppTheme.NoActionBar" >
30-->src\main\AndroidManifest.xml:24:13-56
31            <meta-data
31-->src\main\AndroidManifest.xml:25:13-27:74
32                android:name="android.support.PARENT_ACTIVITY"
32-->src\main\AndroidManifest.xml:26:17-63
33                android:value="com.example.myapplication.AddInventory" />
33-->src\main\AndroidManifest.xml:27:17-71
34        </activity>
35        <activity android:name="com.example.myapplication.editaccount" />
35-->src\main\AndroidManifest.xml:29:9-49
35-->src\main\AndroidManifest.xml:29:19-46
36        <activity android:name="com.example.myapplication.Main_Signup" />
36-->src\main\AndroidManifest.xml:30:9-49
36-->src\main\AndroidManifest.xml:30:19-46
37        <activity android:name="com.example.myapplication.reports" />
37-->src\main\AndroidManifest.xml:31:9-45
37-->src\main\AndroidManifest.xml:31:19-42
38        <activity android:name="com.example.myapplication.managephysicalcount" />
38-->src\main\AndroidManifest.xml:32:9-57
38-->src\main\AndroidManifest.xml:32:19-54
39        <activity android:name="com.example.myapplication.managesysteminventory" />
39-->src\main\AndroidManifest.xml:33:9-59
39-->src\main\AndroidManifest.xml:33:19-56
40        <activity android:name="com.example.myapplication.manageusers" />
40-->src\main\AndroidManifest.xml:34:9-49
40-->src\main\AndroidManifest.xml:34:19-46
41        <activity android:name="com.example.myapplication.Managecompany" />
41-->src\main\AndroidManifest.xml:35:9-51
41-->src\main\AndroidManifest.xml:35:19-48
42        <activity
42-->src\main\AndroidManifest.xml:36:9-39:59
43            android:name="com.example.myapplication.signupcompany"
43-->src\main\AndroidManifest.xml:37:13-42
44            android:label="@string/title_activity_signupcompany"
44-->src\main\AndroidManifest.xml:38:13-65
45            android:theme="@style/AppTheme.NoActionBar" />
45-->src\main\AndroidManifest.xml:39:13-56
46        <activity
46-->src\main\AndroidManifest.xml:40:9-43:59
47            android:name="com.example.myapplication.userpanel"
47-->src\main\AndroidManifest.xml:41:13-38
48            android:label="@string/title_activity_userpanel"
48-->src\main\AndroidManifest.xml:42:13-61
49            android:theme="@style/AppTheme.NoActionBar" />
49-->src\main\AndroidManifest.xml:43:13-56
50        <activity
50-->src\main\AndroidManifest.xml:44:9-47:59
51            android:name="com.example.myapplication.adminpanel"
51-->src\main\AndroidManifest.xml:45:13-39
52            android:label="@string/title_activity_adminpanel"
52-->src\main\AndroidManifest.xml:46:13-62
53            android:theme="@style/AppTheme.NoActionBar" />
53-->src\main\AndroidManifest.xml:47:13-56
54        <activity
54-->src\main\AndroidManifest.xml:48:9-51:59
55            android:name="com.example.myapplication.ownerpanel"
55-->src\main\AndroidManifest.xml:49:13-39
56            android:label="@string/title_activity_ownerpanel"
56-->src\main\AndroidManifest.xml:50:13-62
57            android:theme="@style/AppTheme.NoActionBar" />
57-->src\main\AndroidManifest.xml:51:13-56
58        <activity
58-->src\main\AndroidManifest.xml:52:9-55:59
59            android:name="com.example.myapplication.personal_infoActivity"
59-->src\main\AndroidManifest.xml:53:13-50
60            android:label="@string/title_activity_personal_info"
60-->src\main\AndroidManifest.xml:54:13-65
61            android:theme="@style/AppTheme.NoActionBar" />
61-->src\main\AndroidManifest.xml:55:13-56
62        <activity
62-->src\main\AndroidManifest.xml:56:9-59:59
63            android:name="com.example.myapplication.signupActivity"
63-->src\main\AndroidManifest.xml:57:13-43
64            android:label="@string/title_activity_signup"
64-->src\main\AndroidManifest.xml:58:13-58
65            android:theme="@style/AppTheme.NoActionBar" />
65-->src\main\AndroidManifest.xml:59:13-56
66        <activity android:name="com.example.myapplication.manage_inventory" >
66-->src\main\AndroidManifest.xml:60:9-66:20
66-->src\main\AndroidManifest.xml:60:19-51
67            <intent-filter>
67-->src\main\AndroidManifest.xml:61:13-65:29
68                <action android:name="android.intent.action.MAIN" />
68-->src\main\AndroidManifest.xml:62:17-69
68-->src\main\AndroidManifest.xml:62:25-66
69
70                <category android:name="android.intent.category.LAUNCHER" />
70-->src\main\AndroidManifest.xml:64:17-77
70-->src\main\AndroidManifest.xml:64:27-74
71            </intent-filter>
72        </activity>
73        <activity
73-->src\main\AndroidManifest.xml:67:9-70:47
74            android:name="com.example.myapplication.login.Login"
74-->src\main\AndroidManifest.xml:68:13-40
75            android:label="@string/title_activity_login"
75-->src\main\AndroidManifest.xml:69:13-57
76            android:theme="@style/AppTheme" />
76-->src\main\AndroidManifest.xml:70:13-44
77    </application>
78
79</manifest>